Decoded JWT: {"iss":"manufacturer_saas","aud":"manufacturer_saas_users","iat":1740593296,"exp":1740679696,"user":{"id":1,"name":"John Doe","email":"johndoe@example.com","role":"tenant","tenant_id":1}}
Decoded JWT: {"iss":"manufacturer_saas","aud":"manufacturer_saas_users","iat":1740593296,"exp":1740679696,"user":{"id":1,"name":"John Doe","email":"johndoe@example.com","role":"tenant","tenant_id":1}}
Decoded JWT: {"iss":"manufacturer_saas","aud":"manufacturer_saas_users","iat":1740593296,"exp":1740679696,"user":{"id":1,"name":"John Doe","email":"johndoe@example.com","role":"tenant","tenant_id":1}}
Decoded JWT: {"iss":"manufacturer_saas","aud":"manufacturer_saas_users","iat":1740593296,"exp":1740679696,"user":{"id":1,"name":"John Doe","email":"johndoe@example.com","role":"tenant","tenant_id":1}}
Decoded JWT: {"iss":"manufacturer_saas","aud":"manufacturer_saas_users","iat":1740593296,"exp":1740679696,"user":{"id":1,"name":"John Doe","email":"johndoe@example.com","role":"tenant","tenant_id":1}}
Decoded JWT: {"iss":"manufacturer_saas","aud":"manufacturer_saas_users","iat":1740593296,"exp":1740679696,"user":{"id":1,"name":"John Doe","email":"johndoe@example.com","role":"tenant","tenant_id":1}}
Decoded JWT: {"iss":"manufacturer_saas","aud":"manufacturer_saas_users","iat":1740593296,"exp":1740679696,"user":{"id":1,"name":"John Doe","email":"johndoe@example.com","role":"tenant","tenant_id":1}}
Decoded JWT: {"iss":"manufacturer_saas","aud":"manufacturer_saas_users","iat":1740593296,"exp":1740679696,"user":{"id":1,"name":"John Doe","email":"johndoe@example.com","role":"tenant","tenant_id":1}}
Decoded JWT: {"iss":"manufacturer_saas","aud":"manufacturer_saas_users","iat":1740593296,"exp":1740679696,"user":{"id":1,"name":"John Doe","email":"johndoe@example.com","role":"tenant","tenant_id":1}}
Decoded JWT: {"iss":"manufacturer_saas","aud":"manufacturer_saas_users","iat":1740593296,"exp":1740679696,"user":{"id":1,"name":"John Doe","email":"johndoe@example.com","role":"tenant","tenant_id":1}}
Decoded JWT: {"iss":"manufacturer_saas","aud":"manufacturer_saas_users","iat":1740593296,"exp":1740679696,"user":{"id":1,"name":"John Doe","email":"johndoe@example.com","role":"tenant","tenant_id":1}}
Decoded JWT: {"iss":"manufacturer_saas","aud":"manufacturer_saas_users","iat":1740593296,"exp":1740679696,"user":{"id":1,"name":"John Doe","email":"johndoe@example.com","role":"tenant","tenant_id":1}}
Decoded JWT: {"iss":"manufacturer_saas","aud":"manufacturer_saas_users","iat":1740593296,"exp":1740679696,"user":{"id":1,"name":"John Doe","email":"johndoe@example.com","role":"tenant","tenant_id":1}}
Decoded JWT: {"iss":"manufacturer_saas","aud":"manufacturer_saas_users","iat":1740593296,"exp":1740679696,"user":{"id":1,"name":"John Doe","email":"johndoe@example.com","role":"tenant","tenant_id":1}}
Decoded JWT: {"iss":"manufacturer_saas","aud":"manufacturer_saas_users","iat":1740593296,"exp":1740679696,"user":{"id":1,"name":"John Doe","email":"johndoe@example.com","role":"tenant","tenant_id":1}}
Decoded JWT: {"iss":"manufacturer_saas","aud":"manufacturer_saas_users","iat":1740593296,"exp":1740679696,"user":{"id":1,"name":"John Doe","email":"johndoe@example.com","role":"tenant","tenant_id":1}}
Decoded JWT: {"iss":"manufacturer_saas","aud":"manufacturer_saas_users","iat":1740593296,"exp":1740679696,"user":{"id":1,"name":"John Doe","email":"johndoe@example.com","role":"tenant","tenant_id":1}}
Decoded JWT: {"iss":"manufacturer_saas","aud":"manufacturer_saas_users","iat":1740593296,"exp":1740679696,"user":{"id":1,"name":"John Doe","email":"johndoe@example.com","role":"tenant","tenant_id":1}}
Decoded JWT: {"iss":"manufacturer_saas","aud":"manufacturer_saas_users","iat":1740593296,"exp":1740679696,"user":{"id":1,"name":"John Doe","email":"johndoe@example.com","role":"tenant","tenant_id":1}}
Decoded JWT: {"iss":"manufacturer_saas","aud":"manufacturer_saas_users","iat":1740593296,"exp":1740679696,"user":{"id":1,"name":"John Doe","email":"johndoe@example.com","role":"tenant","tenant_id":1}}
Decoded JWT: {"iss":"manufacturer_saas","aud":"manufacturer_saas_users","iat":1740593296,"exp":1740679696,"user":{"id":1,"name":"John Doe","email":"johndoe@example.com","role":"tenant","tenant_id":1}}
Decoded JWT: {"iss":"manufacturer_saas","aud":"manufacturer_saas_users","iat":1740593296,"exp":1740679696,"user":{"id":1,"name":"John Doe","email":"johndoe@example.com","role":"tenant","tenant_id":1}}
Decoded JWT: {"iss":"manufacturer_saas","aud":"manufacturer_saas_users","iat":1740593296,"exp":1740679696,"user":{"id":1,"name":"John Doe","email":"johndoe@example.com","role":"tenant","tenant_id":1}}
Decoded JWT: {"iss":"manufacturer_saas","aud":"manufacturer_saas_users","iat":1740593296,"exp":1740679696,"user":{"id":1,"name":"John Doe","email":"johndoe@example.com","role":"tenant","tenant_id":1}}
Decoded JWT: {"iss":"manufacturer_saas","aud":"manufacturer_saas_users","iat":1740593296,"exp":1740679696,"user":{"id":1,"name":"John Doe","email":"johndoe@example.com","role":"tenant","tenant_id":1}}
Decoded JWT: {"iss":"manufacturer_saas","aud":"manufacturer_saas_users","iat":1740593296,"exp":1740679696,"user":{"id":1,"name":"John Doe","email":"johndoe@example.com","role":"tenant","tenant_id":1}}
Decoded JWT: {"iss":"manufacturer_saas","aud":"manufacturer_saas_users","iat":1740593296,"exp":1740679696,"user":{"id":1,"name":"John Doe","email":"johndoe@example.com","role":"tenant","tenant_id":1}}
Generating JWT for user: {"id":1,"name":"John Doe","email":"johndoe@example.com","password":"$2y$10$odVjtPtwqRDX1wtcTkS4qutU9utmmJIMf4UeNgh8.7jSmNGxEeIxG","role":"tenant","tenant_id":1,"created_at":"2025-02-25 20:12:07"}
Payload before encoding: {"iss":"manufacturer_saas","aud":"manufacturer_saas_users","iat":1740600959,"exp":1740687359,"user":{"id":1,"name":"John Doe","email":"johndoe@example.com","role":"tenant","tenant_id":1}}
Decoded JWT: {"iss":"manufacturer_saas","aud":"manufacturer_saas_users","iat":1740593296,"exp":1740679696,"user":{"id":1,"name":"John Doe","email":"johndoe@example.com","role":"tenant","tenant_id":1}}
Decoded JWT: {"iss":"manufacturer_saas","aud":"manufacturer_saas_users","iat":1740593296,"exp":1740679696,"user":{"id":1,"name":"John Doe","email":"johndoe@example.com","role":"tenant","tenant_id":1}}
Generating JWT for user: {"id":1,"name":"John Doe","email":"johndoe@example.com","password":"$2y$10$odVjtPtwqRDX1wtcTkS4qutU9utmmJIMf4UeNgh8.7jSmNGxEeIxG","role":"tenant","tenant_id":1,"created_at":"2025-02-25 20:12:07"}
Payload before encoding: {"iss":"manufacturer_saas","aud":"manufacturer_saas_users","iat":1740606601,"exp":1740693001,"user":{"id":1,"name":"John Doe","email":"johndoe@example.com","role":"tenant","tenant_id":1}}
Generating JWT for user: {"id":1,"name":"John Doe","email":"johndoe@example.com","password":"$2y$10$odVjtPtwqRDX1wtcTkS4qutU9utmmJIMf4UeNgh8.7jSmNGxEeIxG","role":"tenant","tenant_id":1,"created_at":"2025-02-25 20:12:07"}
Payload before encoding: {"iss":"manufacturer_saas","aud":"manufacturer_saas_users","iat":1740655223,"exp":1740741623,"user":{"id":1,"name":"John Doe","email":"johndoe@example.com","role":"tenant","tenant_id":1}}
Generating JWT for user: {"id":1,"name":"John Doe","email":"johndoe@example.com","password":"$2y$10$odVjtPtwqRDX1wtcTkS4qutU9utmmJIMf4UeNgh8.7jSmNGxEeIxG","role":"tenant","tenant_id":1,"created_at":"2025-02-25 20:12:07"}
Payload before encoding: {"iss":"manufacturer_saas","aud":"manufacturer_saas_users","iat":1740655231,"exp":1740741631,"user":{"id":1,"name":"John Doe","email":"johndoe@example.com","role":"tenant","tenant_id":1}}
Generating JWT for user: {"id":1,"name":"John Doe","email":"johndoe@example.com","password":"$2y$10$odVjtPtwqRDX1wtcTkS4qutU9utmmJIMf4UeNgh8.7jSmNGxEeIxG","role":"tenant","tenant_id":1,"created_at":"2025-02-25 20:12:07"}
Payload before encoding: {"iss":"manufacturer_saas","aud":"manufacturer_saas_users","iat":1740655570,"exp":1740741970,"user":{"id":1,"name":"John Doe","email":"johndoe@example.com","role":"tenant","tenant_id":1}}
Generating JWT for user: {"id":1,"name":"John Doe","email":"johndoe@example.com","password":"$2y$10$odVjtPtwqRDX1wtcTkS4qutU9utmmJIMf4UeNgh8.7jSmNGxEeIxG","role":"tenant","tenant_id":1,"created_at":"2025-02-25 20:12:07"}
Payload before encoding: {"iss":"manufacturer_saas","aud":"manufacturer_saas_users","iat":1740656132,"exp":1740742532,"user":{"id":1,"name":"John Doe","email":"johndoe@example.com","role":"tenant","tenant_id":1}}
Generating JWT for user: {"id":2,"name":"Super Admin","email":"superadmin@example.com","password":"$2y$10$NRf6burAGKZykWCw.uV4O.8\/nblT7l7a8q7s6AN9w458FzZcekxRm","role":"super_admin","tenant_id":null,"created_at":"2025-02-27 17:50:43"}
Payload before encoding: {"iss":"manufacturer_saas","aud":"manufacturer_saas_users","iat":1740661214,"exp":1740747614,"user":{"id":2,"name":"Super Admin","email":"superadmin@example.com","role":"super_admin","tenant_id":null}}
Decoded JWT: {"iss":"manufacturer_saas","aud":"manufacturer_saas_users","iat":1740661214,"exp":1740747614,"user":{"id":2,"name":"Super Admin","email":"superadmin@example.com","role":"super_admin","tenant_id":null}}
Decoded JWT: {"iss":"manufacturer_saas","aud":"manufacturer_saas_users","iat":1740661214,"exp":1740747614,"user":{"id":2,"name":"Super Admin","email":"superadmin@example.com","role":"super_admin","tenant_id":null}}
Generating JWT for user: {"id":3,"name":"XYZ Manufacturing","email":"tenant@xyz.com","password":"$2y$10$f\/kiIFzOnb7ydpp9rgNmTuurj2zDn3mBKO9TvPhFJr15lJyXTVsnu","role":"tenant","tenant_id":null,"created_at":"2025-02-27 18:53:56"}
Payload before encoding: {"iss":"manufacturer_saas","aud":"manufacturer_saas_users","iat":1740662796,"exp":1740749196,"user":{"id":3,"name":"XYZ Manufacturing","email":"tenant@xyz.com","role":"tenant","tenant_id":null}}
Decoded JWT: {"iss":"manufacturer_saas","aud":"manufacturer_saas_users","iat":1740662796,"exp":1740749196,"user":{"id":3,"name":"XYZ Manufacturing","email":"tenant@xyz.com","role":"tenant","tenant_id":null}}
Generating JWT for user: {"id":3,"name":"XYZ Manufacturing","email":"tenant@xyz.com","password":"$2y$10$f\/kiIFzOnb7ydpp9rgNmTuurj2zDn3mBKO9TvPhFJr15lJyXTVsnu","role":"tenant","tenant_id":null,"created_at":"2025-02-27 18:53:56"}
Payload before encoding: {"iss":"manufacturer_saas","aud":"manufacturer_saas_users","iat":1740663958,"exp":1740750358,"user":{"id":3,"name":"XYZ Manufacturing","email":"tenant@xyz.com","role":"tenant","tenant_id":null}}
Decoded JWT: {"iss":"manufacturer_saas","aud":"manufacturer_saas_users","iat":1740662796,"exp":1740749196,"user":{"id":3,"name":"XYZ Manufacturing","email":"tenant@xyz.com","role":"tenant","tenant_id":null}}
Generating JWT for user: {"id":2,"name":"Super Admin","email":"superadmin@example.com","password":"$2y$10$NRf6burAGKZykWCw.uV4O.8\/nblT7l7a8q7s6AN9w458FzZcekxRm","role":"super_admin","tenant_id":null,"created_at":"2025-02-27 17:50:43"}
Payload before encoding: {"iss":"manufacturer_saas","aud":"manufacturer_saas_users","iat":1740664972,"exp":1740751372,"user":{"id":2,"name":"Super Admin","email":"superadmin@example.com","role":"super_admin","tenant_id":null}}
Decoded JWT: {"iss":"manufacturer_saas","aud":"manufacturer_saas_users","iat":1740664972,"exp":1740751372,"user":{"id":2,"name":"Super Admin","email":"superadmin@example.com","role":"super_admin","tenant_id":null}}
Decoded JWT: {"iss":"manufacturer_saas","aud":"manufacturer_saas_users","iat":1740664972,"exp":1740751372,"user":{"id":2,"name":"Super Admin","email":"superadmin@example.com","role":"super_admin","tenant_id":null}}
Decoded JWT: {"iss":"manufacturer_saas","aud":"manufacturer_saas_users","iat":1740664972,"exp":1740751372,"user":{"id":2,"name":"Super Admin","email":"superadmin@example.com","role":"super_admin","tenant_id":null}}
Generating JWT for user: {"id":6,"name":"ABC Manufacturer","email":"abc@manufacturer.com","password":"$2y$10$4Wy1AmMXSuMfzwZjageCoezHuDiG7i3K\/3k.RsO2wMJX\/YVON5CU.","role":"tenant","tenant_id":6,"created_at":"2025-02-27 19:55:14"}
Payload before encoding: {"iss":"manufacturer_saas","aud":"manufacturer_saas_users","iat":1740672827,"exp":1740759227,"user":{"id":6,"name":"ABC Manufacturer","email":"abc@manufacturer.com","role":"tenant","tenant_id":6}}
Decoded JWT: {"iss":"manufacturer_saas","aud":"manufacturer_saas_users","iat":1740672827,"exp":1740759227,"user":{"id":6,"name":"ABC Manufacturer","email":"abc@manufacturer.com","role":"tenant","tenant_id":6}}
Decoded JWT: {"iss":"manufacturer_saas","aud":"manufacturer_saas_users","iat":1740672827,"exp":1740759227,"user":{"id":6,"name":"ABC Manufacturer","email":"abc@manufacturer.com","role":"tenant","tenant_id":6}}
Decoded JWT: {"iss":"manufacturer_saas","aud":"manufacturer_saas_users","iat":1740672827,"exp":1740759227,"user":{"id":6,"name":"ABC Manufacturer","email":"abc@manufacturer.com","role":"tenant","tenant_id":6}}
Decoded JWT: {"iss":"manufacturer_saas","aud":"manufacturer_saas_users","iat":1740672827,"exp":1740759227,"user":{"id":6,"name":"ABC Manufacturer","email":"abc@manufacturer.com","role":"tenant","tenant_id":6}}
Generating JWT for user: {"id":1,"name":"John Doe","email":"johndoe@example.com","password":"$2y$10$odVjtPtwqRDX1wtcTkS4qutU9utmmJIMf4UeNgh8.7jSmNGxEeIxG","role":"tenant","tenant_id":1,"created_at":"2025-02-25 20:12:07"}
Payload before encoding: {"iss":"manufacturer_saas","aud":"manufacturer_saas_users","iat":1740677573,"exp":1740763973,"user":{"id":1,"name":"John Doe","email":"johndoe@example.com","role":"tenant","tenant_id":1}}
Generating JWT for user: {"id":2,"name":"Super Admin","email":"superadmin@example.com","password":"$2y$10$DnE46GgJ\/gvU\/3HuJ\/PGtexTkDh4tTnjovG6Z1fjmsPS6jRxn9eKS","role":"super_admin","tenant_id":null,"created_at":"2025-02-27 17:50:43"}
Payload before encoding: {"iss":"manufacturer_saas","aud":"manufacturer_saas_users","iat":1740677681,"exp":1740764081,"user":{"id":2,"name":"Super Admin","email":"superadmin@example.com","role":"super_admin","tenant_id":null}}
Generating JWT for user: {"id":2,"name":"Super Admin","email":"superadmin@example.com","password":"$2y$10$DnE46GgJ\/gvU\/3HuJ\/PGtexTkDh4tTnjovG6Z1fjmsPS6jRxn9eKS","role":"super_admin","tenant_id":null,"created_at":"2025-02-27 17:50:43"}
Payload before encoding: {"iss":"manufacturer_saas","aud":"manufacturer_saas_users","iat":1740677682,"exp":1740764082,"user":{"id":2,"name":"Super Admin","email":"superadmin@example.com","role":"super_admin","tenant_id":null}}
Generating JWT for user: {"id":2,"name":"Super Admin","email":"superadmin@example.com","password":"$2y$10$DnE46GgJ\/gvU\/3HuJ\/PGtexTkDh4tTnjovG6Z1fjmsPS6jRxn9eKS","role":"super_admin","tenant_id":null,"created_at":"2025-02-27 17:50:43"}
Payload before encoding: {"iss":"manufacturer_saas","aud":"manufacturer_saas_users","iat":1740677687,"exp":1740764087,"user":{"id":2,"name":"Super Admin","email":"superadmin@example.com","role":"super_admin","tenant_id":null}}
Generating JWT for user: {"id":2,"name":"Super Admin","email":"superadmin@example.com","password":"$2y$10$DnE46GgJ\/gvU\/3HuJ\/PGtexTkDh4tTnjovG6Z1fjmsPS6jRxn9eKS","role":"super_admin","tenant_id":null,"created_at":"2025-02-27 17:50:43"}
Payload before encoding: {"iss":"manufacturer_saas","aud":"manufacturer_saas_users","iat":1740678086,"exp":1740764486,"user":{"id":2,"name":"Super Admin","email":"superadmin@example.com","role":"super_admin","tenant_id":null}}
Generating JWT for user: {"id":2,"name":"Super Admin","email":"superadmin@example.com","password":"$2y$10$DnE46GgJ\/gvU\/3HuJ\/PGtexTkDh4tTnjovG6Z1fjmsPS6jRxn9eKS","role":"super_admin","tenant_id":null,"created_at":"2025-02-27 17:50:43"}
Payload before encoding: {"iss":"manufacturer_saas","aud":"manufacturer_saas_users","iat":1740747272,"exp":1740833672,"user":{"id":2,"name":"Super Admin","email":"superadmin@example.com","role":"super_admin","tenant_id":null}}
Decoded JWT: {"iss":"manufacturer_saas","aud":"manufacturer_saas_users","iat":1740747272,"exp":1740833672,"user":{"id":2,"name":"Super Admin","email":"superadmin@example.com","role":"super_admin","tenant_id":null}}
Generating JWT for user: {"id":11,"name":"Tenant One","email":"tenant@example.com","password":"$2y$10$9aD4P7vlNazTLZKozaYjc.7ZeZjIqcFrLxGugRF0VrJ8n0al1fTLy","role":"tenant","tenant_id":null,"created_at":"2025-02-28 18:25:53"}
Payload before encoding: {"iss":"manufacturer_saas","aud":"manufacturer_saas_users","iat":1740747420,"exp":1740833820,"user":{"id":11,"name":"Tenant One","email":"tenant@example.com","role":"tenant","tenant_id":null}}
Decoded JWT: {"iss":"manufacturer_saas","aud":"manufacturer_saas_users","iat":1740747272,"exp":1740833672,"user":{"id":2,"name":"Super Admin","email":"superadmin@example.com","role":"super_admin","tenant_id":null}}
Generating JWT for user: {"id":12,"name":"Tenant Two","email":"tenant2@example.com","password":"$2y$10$9OI8BOMAzDBlMpAFUVrZC.yiXZn3kOZYTBKoSJfoXwkAdlch9c2c.","role":"tenant","tenant_id":12,"created_at":"2025-02-28 18:42:57"}
Payload before encoding: {"iss":"manufacturer_saas","aud":"manufacturer_saas_users","iat":1740748414,"exp":1740834814,"user":{"id":12,"name":"Tenant Two","email":"tenant2@example.com","role":"tenant","tenant_id":12}}
Decoded JWT: {"iss":"manufacturer_saas","aud":"manufacturer_saas_users","iat":1740748414,"exp":1740834814,"user":{"id":12,"name":"Tenant Two","email":"tenant2@example.com","role":"tenant","tenant_id":12}}
Generating JWT for user: {"id":2,"name":"Super Admin","email":"superadmin@example.com","password":"$2y$10$DnE46GgJ\/gvU\/3HuJ\/PGtexTkDh4tTnjovG6Z1fjmsPS6jRxn9eKS","role":"super_admin","tenant_id":null,"created_at":"2025-02-27 17:50:43"}
Payload before encoding: {"iss":"manufacturer_saas","aud":"manufacturer_saas_users","iat":1740749114,"exp":1740835514,"user":{"id":2,"name":"Super Admin","email":"superadmin@example.com","role":"super_admin","tenant_id":null}}
Decoded JWT: {"iss":"manufacturer_saas","aud":"manufacturer_saas_users","iat":1740748414,"exp":1740834814,"user":{"id":12,"name":"Tenant Two","email":"tenant2@example.com","role":"tenant","tenant_id":12}}
Decoded JWT: {"iss":"manufacturer_saas","aud":"manufacturer_saas_users","iat":1740749114,"exp":1740835514,"user":{"id":2,"name":"Super Admin","email":"superadmin@example.com","role":"super_admin","tenant_id":null}}
Generating JWT for user: {"id":13,"name":"Tenant Three","email":"tenant3@example.com","password":"$2y$10$PNUH.yMRIxAc.8yrVK5Qa.iedpLqEWd16wjSeion7g9mu5Q838kiS","role":"tenant","tenant_id":13,"created_at":"2025-02-28 18:56:42"}
Payload before encoding: {"iss":"manufacturer_saas","aud":"manufacturer_saas_users","iat":1740749256,"exp":1740835656,"user":{"id":13,"name":"Tenant Three","email":"tenant3@example.com","role":"tenant","tenant_id":13}}
Decoded JWT: {"iss":"manufacturer_saas","aud":"manufacturer_saas_users","iat":1740749256,"exp":1740835656,"user":{"id":13,"name":"Tenant Three","email":"tenant3@example.com","role":"tenant","tenant_id":13}}
Decoded JWT: {"iss":"manufacturer_saas","aud":"manufacturer_saas_users","iat":1740749256,"exp":1740835656,"user":{"id":13,"name":"Tenant Three","email":"tenant3@example.com","role":"tenant","tenant_id":13}}
Generating JWT for user: {"id":2,"name":"Super Admin","email":"superadmin@example.com","password":"$2y$10$DnE46GgJ\/gvU\/3HuJ\/PGtexTkDh4tTnjovG6Z1fjmsPS6jRxn9eKS","role":"super_admin","tenant_id":null,"created_at":"2025-02-27 17:50:43"}
Payload before encoding: {"iss":"manufacturer_saas","aud":"manufacturer_saas_users","iat":1740750701,"exp":1740837101,"user":{"id":2,"name":"Super Admin","email":"superadmin@example.com","role":"super_admin","tenant_id":null}}
Generating JWT for user: {"id":2,"name":"Super Admin","email":"superadmin@example.com","password":"$2y$10$DnE46GgJ\/gvU\/3HuJ\/PGtexTkDh4tTnjovG6Z1fjmsPS6jRxn9eKS","role":"super_admin","tenant_id":null,"created_at":"2025-02-27 17:50:43"}
Payload before encoding: {"iss":"manufacturer_saas","aud":"manufacturer_saas_users","iat":1740751710,"exp":1740838110,"user":{"id":2,"name":"Super Admin","email":"superadmin@example.com","role":"super_admin","tenant_id":null}}
Generating JWT for user: {"id":2,"name":"Super Admin","email":"superadmin@example.com","password":"$2y$10$DnE46GgJ\/gvU\/3HuJ\/PGtexTkDh4tTnjovG6Z1fjmsPS6jRxn9eKS","role":"super_admin","tenant_id":null,"created_at":"2025-02-27 17:50:43"}
Payload before encoding: {"iss":"manufacturer_saas","aud":"manufacturer_saas_users","iat":1740751719,"exp":1740838119,"user":{"id":2,"name":"Super Admin","email":"superadmin@example.com","role":"super_admin","tenant_id":null}}
Generating JWT for user: {"id":2,"name":"Super Admin","email":"superadmin@example.com","password":"$2y$10$DnE46GgJ\/gvU\/3HuJ\/PGtexTkDh4tTnjovG6Z1fjmsPS6jRxn9eKS","role":"super_admin","tenant_id":null,"created_at":"2025-02-27 17:50:43"}
Payload before encoding: {"iss":"manufacturer_saas","aud":"manufacturer_saas_users","iat":1740753205,"exp":1740839605,"user":{"id":2,"name":"Super Admin","email":"superadmin@example.com","role":"super_admin","tenant_id":null}}
Generating JWT for user: {"id":12,"name":"Tenant Two","email":"tenant2@example.com","password":"$2y$10$DnE46GgJ\/gvU\/3HuJ\/PGtexTkDh4tTnjovG6Z1fjmsPS6jRxn9eKS","role":"tenant","tenant_id":12,"created_at":"2025-02-28 18:42:57"}
Payload before encoding: {"iss":"manufacturer_saas","aud":"manufacturer_saas_users","iat":1740753343,"exp":1740839743,"user":{"id":12,"name":"Tenant Two","email":"tenant2@example.com","role":"tenant","tenant_id":12}}
Generating JWT for user: {"id":12,"name":"Tenant Two","email":"tenant2@example.com","password":"$2y$10$DnE46GgJ\/gvU\/3HuJ\/PGtexTkDh4tTnjovG6Z1fjmsPS6jRxn9eKS","role":"tenant","tenant_id":12,"created_at":"2025-02-28 18:42:57"}
Payload before encoding: {"iss":"manufacturer_saas","aud":"manufacturer_saas_users","iat":1740753359,"exp":1740839759,"user":{"id":12,"name":"Tenant Two","email":"tenant2@example.com","role":"tenant","tenant_id":12}}
Generating JWT for user: {"id":14,"name":"Distributor Two","email":"distributor2@example.com","password":"$2y$10$DnE46GgJ\/gvU\/3HuJ\/PGtexTkDh4tTnjovG6Z1fjmsPS6jRxn9eKS","role":"distributor","tenant_id":12,"created_at":"2025-02-28 19:00:17"}
Payload before encoding: {"iss":"manufacturer_saas","aud":"manufacturer_saas_users","iat":1740753469,"exp":1740839869,"user":{"id":14,"name":"Distributor Two","email":"distributor2@example.com","role":"distributor","tenant_id":12}}
Generating JWT for user: {"id":10,"name":"John Doe","email":"john@example.com","password":"$2y$10$DnE46GgJ\/gvU\/3HuJ\/PGtexTkDh4tTnjovG6Z1fjmsPS6jRxn9eKS","role":"customer","tenant_id":1,"created_at":"2025-02-27 22:46:28"}
Payload before encoding: {"iss":"manufacturer_saas","aud":"manufacturer_saas_users","iat":1740753579,"exp":1740839979,"user":{"id":10,"name":"John Doe","email":"john@example.com","role":"customer","tenant_id":1}}
Generating JWT for user: {"id":10,"name":"John Doe","email":"john@example.com","password":"$2y$10$DnE46GgJ\/gvU\/3HuJ\/PGtexTkDh4tTnjovG6Z1fjmsPS6jRxn9eKS","role":"customer","tenant_id":1,"created_at":"2025-02-27 22:46:28"}
Payload before encoding: {"iss":"manufacturer_saas","aud":"manufacturer_saas_users","iat":1740753585,"exp":1740839985,"user":{"id":10,"name":"John Doe","email":"john@example.com","role":"customer","tenant_id":1}}
Generating JWT for user: {"id":2,"name":"Super Admin","email":"superadmin@example.com","password":"$2y$10$DnE46GgJ\/gvU\/3HuJ\/PGtexTkDh4tTnjovG6Z1fjmsPS6jRxn9eKS","role":"super_admin","tenant_id":null,"created_at":"2025-02-27 17:50:43"}
Payload before encoding: {"iss":"manufacturer_saas","aud":"manufacturer_saas_users","iat":1740760697,"exp":1740847097,"user":{"id":2,"name":"Super Admin","email":"superadmin@example.com","role":"super_admin","tenant_id":null}}
Generating JWT for user: {"id":14,"name":"Distributor Two","email":"distributor2@example.com","password":"$2y$10$DnE46GgJ\/gvU\/3HuJ\/PGtexTkDh4tTnjovG6Z1fjmsPS6jRxn9eKS","role":"distributor","tenant_id":12,"created_at":"2025-02-28 19:00:17"}
Payload before encoding: {"iss":"manufacturer_saas","aud":"manufacturer_saas_users","iat":1740760708,"exp":1740847108,"user":{"id":14,"name":"Distributor Two","email":"distributor2@example.com","role":"distributor","tenant_id":12}}
Generating JWT for user: {"id":13,"name":"Tenant Three","email":"tenant3@example.com","password":"$2y$10$DnE46GgJ\/gvU\/3HuJ\/PGtexTkDh4tTnjovG6Z1fjmsPS6jRxn9eKS","role":"tenant","tenant_id":13,"created_at":"2025-02-28 18:56:42"}
Payload before encoding: {"iss":"manufacturer_saas","aud":"manufacturer_saas_users","iat":1740760774,"exp":1740847174,"user":{"id":13,"name":"Tenant Three","email":"tenant3@example.com","role":"tenant","tenant_id":13}}
Generating JWT for user: {"id":13,"name":"Tenant Three","email":"tenant3@example.com","password":"$2y$10$DnE46GgJ\/gvU\/3HuJ\/PGtexTkDh4tTnjovG6Z1fjmsPS6jRxn9eKS","role":"tenant","tenant_id":13,"created_at":"2025-02-28 18:56:42"}
Payload before encoding: {"iss":"manufacturer_saas","aud":"manufacturer_saas_users","iat":1740760782,"exp":1740847182,"user":{"id":13,"name":"Tenant Three","email":"tenant3@example.com","role":"tenant","tenant_id":13}}
Generating JWT for user: {"id":13,"name":"Tenant Three","email":"tenant3@example.com","password":"$2y$10$DnE46GgJ\/gvU\/3HuJ\/PGtexTkDh4tTnjovG6Z1fjmsPS6jRxn9eKS","role":"tenant","tenant_id":13,"created_at":"2025-02-28 18:56:42"}
Payload before encoding: {"iss":"manufacturer_saas","aud":"manufacturer_saas_users","iat":1740761270,"exp":1740847670,"user":{"id":13,"name":"Tenant Three","email":"tenant3@example.com","role":"tenant","tenant_id":13}}
Generating JWT for user: {"id":13,"name":"Tenant Three","email":"tenant3@example.com","password":"$2y$10$DnE46GgJ\/gvU\/3HuJ\/PGtexTkDh4tTnjovG6Z1fjmsPS6jRxn9eKS","role":"tenant","tenant_id":13,"created_at":"2025-02-28 18:56:42"}
Payload before encoding: {"iss":"manufacturer_saas","aud":"manufacturer_saas_users","iat":1740761272,"exp":1740847672,"user":{"id":13,"name":"Tenant Three","email":"tenant3@example.com","role":"tenant","tenant_id":13}}
Generating JWT for user: {"id":13,"name":"Tenant Three","email":"tenant3@example.com","password":"$2y$10$DnE46GgJ\/gvU\/3HuJ\/PGtexTkDh4tTnjovG6Z1fjmsPS6jRxn9eKS","role":"tenant","tenant_id":13,"created_at":"2025-02-28 18:56:42"}
Payload before encoding: {"iss":"manufacturer_saas","aud":"manufacturer_saas_users","iat":1740761303,"exp":1740847703,"user":{"id":13,"name":"Tenant Three","email":"tenant3@example.com","role":"tenant","tenant_id":13}}
Generating JWT for user: {"id":10,"name":"John Doe","email":"john@example.com","password":"$2y$10$DnE46GgJ\/gvU\/3HuJ\/PGtexTkDh4tTnjovG6Z1fjmsPS6jRxn9eKS","role":"customer","tenant_id":1,"created_at":"2025-02-27 22:46:28"}
Payload before encoding: {"iss":"manufacturer_saas","aud":"manufacturer_saas_users","iat":1740761323,"exp":1740847723,"user":{"id":10,"name":"John Doe","email":"john@example.com","role":"customer","tenant_id":1}}
Generating JWT for user: {"id":13,"name":"Tenant Three","email":"tenant3@example.com","password":"$2y$10$DnE46GgJ\/gvU\/3HuJ\/PGtexTkDh4tTnjovG6Z1fjmsPS6jRxn9eKS","role":"tenant","tenant_id":13,"created_at":"2025-02-28 18:56:42"}
Payload before encoding: {"iss":"manufacturer_saas","aud":"manufacturer_saas_users","iat":1740761542,"exp":1740847942,"user":{"id":13,"name":"Tenant Three","email":"tenant3@example.com","role":"tenant","tenant_id":13}}
Generating JWT for user: {"id":14,"name":"Distributor Two","email":"distributor2@example.com","password":"$2y$10$DnE46GgJ\/gvU\/3HuJ\/PGtexTkDh4tTnjovG6Z1fjmsPS6jRxn9eKS","role":"distributor","tenant_id":12,"created_at":"2025-02-28 19:00:17"}
Payload before encoding: {"iss":"manufacturer_saas","aud":"manufacturer_saas_users","iat":1740834827,"exp":1740921227,"user":{"id":14,"name":"Distributor Two","email":"distributor2@example.com","role":"distributor","tenant_id":12}}
Generating JWT for user: {"id":10,"name":"John Doe","email":"john@example.com","password":"$2y$10$DnE46GgJ\/gvU\/3HuJ\/PGtexTkDh4tTnjovG6Z1fjmsPS6jRxn9eKS","role":"customer","tenant_id":1,"created_at":"2025-02-27 22:46:28"}
Payload before encoding: {"iss":"manufacturer_saas","aud":"manufacturer_saas_users","iat":1740835174,"exp":1740921574,"user":{"id":10,"name":"John Doe","email":"john@example.com","role":"customer","tenant_id":1}}
Generating JWT for user: {"id":10,"name":"John Doe","email":"john@example.com","password":"$2y$10$DnE46GgJ\/gvU\/3HuJ\/PGtexTkDh4tTnjovG6Z1fjmsPS6jRxn9eKS","role":"customer","tenant_id":1,"created_at":"2025-02-27 22:46:28"}
Payload before encoding: {"iss":"manufacturer_saas","aud":"manufacturer_saas_users","iat":1740840009,"exp":1740926409,"user":{"id":10,"name":"John Doe","email":"john@example.com","role":"customer","tenant_id":1}}
Generating JWT for user: {"id":14,"name":"Distributor Two","email":"distributor2@example.com","password":"$2y$10$DnE46GgJ\/gvU\/3HuJ\/PGtexTkDh4tTnjovG6Z1fjmsPS6jRxn9eKS","role":"distributor","tenant_id":12,"created_at":"2025-02-28 19:00:17"}
Payload before encoding: {"iss":"manufacturer_saas","aud":"manufacturer_saas_users","iat":1740840023,"exp":1740926423,"user":{"id":14,"name":"Distributor Two","email":"distributor2@example.com","role":"distributor","tenant_id":12}}
Generating JWT for user: {"id":2,"name":"Super Admin","email":"superadmin@example.com","password":"$2y$10$DnE46GgJ\/gvU\/3HuJ\/PGtexTkDh4tTnjovG6Z1fjmsPS6jRxn9eKS","role":"super_admin","tenant_id":null,"created_at":"2025-02-27 17:50:43"}
Payload before encoding: {"iss":"manufacturer_saas","aud":"manufacturer_saas_users","iat":1740840118,"exp":1740926518,"user":{"id":2,"name":"Super Admin","email":"superadmin@example.com","role":"super_admin","tenant_id":null}}
Generating JWT for user: {"id":13,"name":"Tenant Three","email":"tenant3@example.com","password":"$2y$10$DnE46GgJ\/gvU\/3HuJ\/PGtexTkDh4tTnjovG6Z1fjmsPS6jRxn9eKS","role":"tenant","tenant_id":13,"created_at":"2025-02-28 18:56:42"}
Payload before encoding: {"iss":"manufacturer_saas","aud":"manufacturer_saas_users","iat":1740840128,"exp":1740926528,"user":{"id":13,"name":"Tenant Three","email":"tenant3@example.com","role":"tenant","tenant_id":13}}
Generating JWT for user: {"id":2,"name":"Super Admin","email":"superadmin@example.com","password":"$2y$10$DnE46GgJ\/gvU\/3HuJ\/PGtexTkDh4tTnjovG6Z1fjmsPS6jRxn9eKS","role":"super_admin","tenant_id":null,"created_at":"2025-02-27 17:50:43"}
Payload before encoding: {"iss":"manufacturer_saas","aud":"manufacturer_saas_users","iat":1740841191,"exp":1740927591,"user":{"id":2,"name":"Super Admin","email":"superadmin@example.com","role":"super_admin","tenant_id":null}}
Generating JWT for user: {"id":2,"name":"Super Admin","email":"superadmin@example.com","password":"$2y$10$DnE46GgJ\/gvU\/3HuJ\/PGtexTkDh4tTnjovG6Z1fjmsPS6jRxn9eKS","role":"super_admin","tenant_id":null,"created_at":"2025-02-27 17:50:43"}
Payload before encoding: {"iss":"manufacturer_saas","aud":"manufacturer_saas_users","iat":1740875165,"exp":1740961565,"user":{"id":2,"name":"Super Admin","email":"superadmin@example.com","role":"super_admin","tenant_id":null}}
Generating JWT for user: {"id":10,"name":"John Doe","email":"john@example.com","password":"$2y$10$DnE46GgJ\/gvU\/3HuJ\/PGtexTkDh4tTnjovG6Z1fjmsPS6jRxn9eKS","role":"customer","tenant_id":1,"created_at":"2025-02-27 22:46:28"}
Payload before encoding: {"iss":"manufacturer_saas","aud":"manufacturer_saas_users","iat":1740881472,"exp":1740967872,"user":{"id":10,"name":"John Doe","email":"john@example.com","role":"customer","tenant_id":1}}
Generating JWT for user: {"id":2,"name":"Super Admin","email":"superadmin@example.com","password":"$2y$10$DnE46GgJ\/gvU\/3HuJ\/PGtexTkDh4tTnjovG6Z1fjmsPS6jRxn9eKS","role":"super_admin","tenant_id":null,"created_at":"2025-02-27 17:50:43"}
Payload before encoding: {"iss":"manufacturer_saas","aud":"manufacturer_saas_users","iat":1740881652,"exp":1740968052,"user":{"id":2,"name":"Super Admin","email":"superadmin@example.com","role":"super_admin","tenant_id":null}}
Generating JWT for user: {"id":10,"name":"John Doe","email":"john@example.com","password":"$2y$10$DnE46GgJ\/gvU\/3HuJ\/PGtexTkDh4tTnjovG6Z1fjmsPS6jRxn9eKS","role":"customer","tenant_id":1,"created_at":"2025-02-27 22:46:28"}
Payload before encoding: {"iss":"manufacturer_saas","aud":"manufacturer_saas_users","iat":1740881755,"exp":1740968155,"user":{"id":10,"name":"John Doe","email":"john@example.com","role":"customer","tenant_id":1}}
Generating JWT for user: {"id":2,"name":"Super Admin","email":"superadmin@example.com","password":"$2y$10$DnE46GgJ\/gvU\/3HuJ\/PGtexTkDh4tTnjovG6Z1fjmsPS6jRxn9eKS","role":"super_admin","tenant_id":null,"created_at":"2025-02-27 17:50:43"}
Payload before encoding: {"iss":"manufacturer_saas","aud":"manufacturer_saas_users","iat":1740884233,"exp":1740970633,"user":{"id":2,"name":"Super Admin","email":"superadmin@example.com","role":"super_admin","tenant_id":null}}
Generating JWT for user: {"id":2,"name":"Super Admin","email":"superadmin@example.com","password":"$2y$10$DnE46GgJ\/gvU\/3HuJ\/PGtexTkDh4tTnjovG6Z1fjmsPS6jRxn9eKS","role":"super_admin","tenant_id":null,"created_at":"2025-02-27 17:50:43"}
Payload before encoding: {"iss":"manufacturer_saas","aud":"manufacturer_saas_users","iat":1740884585,"exp":1740970985,"user":{"id":2,"name":"Super Admin","email":"superadmin@example.com","role":"super_admin","tenant_id":null}}
Generating JWT for user: {"id":2,"name":"Super Admin","email":"superadmin@example.com","password":"$2y$10$DnE46GgJ\/gvU\/3HuJ\/PGtexTkDh4tTnjovG6Z1fjmsPS6jRxn9eKS","role":"super_admin","tenant_id":null,"created_at":"2025-02-27 17:50:43"}
Payload before encoding: {"iss":"manufacturer_saas","aud":"manufacturer_saas_users","iat":1740884689,"exp":1740971089,"user":{"id":2,"name":"Super Admin","email":"superadmin@example.com","role":"super_admin","tenant_id":null}}
Generating JWT for user: {"id":2,"name":"Super Admin","email":"superadmin@example.com","password":"$2y$10$DnE46GgJ\/gvU\/3HuJ\/PGtexTkDh4tTnjovG6Z1fjmsPS6jRxn9eKS","role":"super_admin","tenant_id":null,"created_at":"2025-02-27 17:50:43"}
Payload before encoding: {"iss":"manufacturer_saas","aud":"manufacturer_saas_users","iat":1740884697,"exp":1740971097,"user":{"id":2,"name":"Super Admin","email":"superadmin@example.com","role":"super_admin","tenant_id":null}}
Generating JWT for user: {"id":2,"name":"Super Admin","email":"superadmin@example.com","password":"$2y$10$DnE46GgJ\/gvU\/3HuJ\/PGtexTkDh4tTnjovG6Z1fjmsPS6jRxn9eKS","role":"super_admin","tenant_id":null,"created_at":"2025-02-27 17:50:43"}
Payload before encoding: {"iss":"manufacturer_saas","aud":"manufacturer_saas_users","iat":1740884706,"exp":1740971106,"user":{"id":2,"name":"Super Admin","email":"superadmin@example.com","role":"super_admin","tenant_id":null}}
Generating JWT for user: {"id":2,"name":"Super Admin","email":"superadmin@example.com","password":"$2y$10$DnE46GgJ\/gvU\/3HuJ\/PGtexTkDh4tTnjovG6Z1fjmsPS6jRxn9eKS","role":"super_admin","tenant_id":null,"created_at":"2025-02-27 17:50:43"}
Payload before encoding: {"iss":"manufacturer_saas","aud":"manufacturer_saas_users","iat":1740886129,"exp":1740972529,"user":{"id":2,"name":"Super Admin","email":"superadmin@example.com","role":"super_admin","tenant_id":null}}
Generating JWT for user: {"id":2,"name":"Super Admin","email":"superadmin@example.com","password":"$2y$10$DnE46GgJ\/gvU\/3HuJ\/PGtexTkDh4tTnjovG6Z1fjmsPS6jRxn9eKS","role":"super_admin","tenant_id":null,"created_at":"2025-02-27 17:50:43"}
Payload before encoding: {"iss":"manufacturer_saas","aud":"manufacturer_saas_users","iat":1740896937,"exp":1740983337,"user":{"id":2,"name":"Super Admin","email":"superadmin@example.com","role":"super_admin","tenant_id":null}}
Generating JWT for user: {"id":2,"name":"Super Admin","email":"superadmin@example.com","password":"$2y$10$DnE46GgJ\/gvU\/3HuJ\/PGtexTkDh4tTnjovG6Z1fjmsPS6jRxn9eKS","role":"super_admin","tenant_id":null,"created_at":"2025-02-27 17:50:43"}
Payload before encoding: {"iss":"manufacturer_saas","aud":"manufacturer_saas_users","iat":1740897174,"exp":1740983574,"user":{"id":2,"name":"Super Admin","email":"superadmin@example.com","role":"super_admin","tenant_id":null}}
Generating JWT for user: {"id":2,"name":"Super Admin","email":"superadmin@example.com","role":"super_admin","password":"$2y$10$DnE46GgJ\/gvU\/3HuJ\/PGtexTkDh4tTnjovG6Z1fjmsPS6jRxn9eKS"}
Payload before encoding: {"iss":"manufacturer_saas","aud":"manufacturer_saas_users","iat":1740928844,"exp":1741015244,"user":{"id":2,"name":"Super Admin","email":"superadmin@example.com","role":"super_admin","tenant_id":null}}
Decoded JWT: {"iss":"manufacturer_saas","aud":"manufacturer_saas_users","iat":1740928844,"exp":1741015244,"user":{"id":2,"name":"Super Admin","email":"superadmin@example.com","role":"super_admin","tenant_id":null}}
Decoded JWT: {"iss":"manufacturer_saas","aud":"manufacturer_saas_users","iat":1740928844,"exp":1741015244,"user":{"id":2,"name":"Super Admin","email":"superadmin@example.com","role":"super_admin","tenant_id":null}}
Decoded JWT: {"iss":"manufacturer_saas","aud":"manufacturer_saas_users","iat":1740928844,"exp":1741015244,"user":{"id":2,"name":"Super Admin","email":"superadmin@example.com","role":"super_admin","tenant_id":null}}
Decoded JWT: {"iss":"manufacturer_saas","aud":"manufacturer_saas_users","iat":1740928844,"exp":1741015244,"user":{"id":2,"name":"Super Admin","email":"superadmin@example.com","role":"super_admin","tenant_id":null}}
