2025-02-26 21:15:59 - Login Attempt: {"email":"johndoe@example.com","password":"test123"}
2025-02-26 21:15:59 - Login Success: Token Generated
2025-02-26 22:50:01 - Login Attempt: {"email":"johndoe@example.com","password":"test123"}
2025-02-26 22:50:01 - Login Success: Token Generated
2025-02-27 12:20:23 - Login Attempt: {"email":"johndoe@example.com","password":"test123"}
2025-02-27 12:20:23 - Login Success: Token Generated
2025-02-27 12:20:31 - Login Attempt: {"email":"johndoe@example.com","password":"test123"}
2025-02-27 12:20:31 - Login Success: Token Generated
2025-02-27 12:26:10 - Login Attempt: {"email":"johndoe@example.com","password":"test123"}
2025-02-27 12:26:10 - Login Success: Token Generated
2025-02-27 12:35:32 - Login Attempt: {"email":"johndoe@example.com","password":"test123"}
2025-02-27 12:35:32 - Login Success: Token Generated
2025-02-27 14:00:14 - Login Attempt: {"email":"superadmin@example.com","password":"admin123"}
2025-02-27 14:00:14 - Login Success: Token Generated
2025-02-27 14:26:36 - Login Attempt: {"email":"tenant@xyz.com","password":"Tenant@123"}
2025-02-27 14:26:36 - Login Success: Token Generated
2025-02-27 14:45:57 - Login Attempt: {"email":"tenant@xyz.com","password":"Tenant@123"}
2025-02-27 14:45:58 - Login Success: Token Generated
2025-02-27 15:02:52 - Login Attempt: {"email":"superadmin@example.com","password":"admin123"}
2025-02-27 15:02:52 - Login Success: Token Generated
2025-02-27 17:13:47 - Login Attempt: {"email":"abc@manufacturer.com","password":"Tenant@123"}
2025-02-27 17:13:47 - Login Success: Token Generated
2025-02-27 18:22:40 - Login Attempt: {"email":"johndoe@example.com","password":"Tenant123"}
2025-02-27 18:22:40 - Password mismatch for email: johndoe@example.com
2025-02-27 18:24:34 - Login Attempt: {"email":"johndoe@example.com","password":"Tenant123"}
2025-02-27 18:24:35 - Password mismatch for email: johndoe@example.com
2025-02-27 18:32:53 - Login Attempt: {"email":"johndoe@example.com","password":"test123"}
2025-02-27 18:32:53 - Login Success: Token Generated
2025-02-27 18:34:41 - Login Attempt: {"email":"superadmin@example.com","password":"test123"}
2025-02-27 18:34:41 - Login Success: Token Generated
2025-02-27 18:34:42 - Login Attempt: {"email":"superadmin@example.com","password":"test123"}
2025-02-27 18:34:42 - Login Success: Token Generated
2025-02-27 18:34:47 - Login Attempt: {"email":"superadmin@example.com","password":"test123"}
2025-02-27 18:34:47 - Login Success: Token Generated
2025-02-27 18:41:26 - Login Attempt: {"email":"superadmin@example.com","password":"test123"}
2025-02-27 18:41:26 - Login Success: Token Generated
2025-02-28 13:54:32 - Login Attempt: {"email":"superadmin@example.com","password":"test123"}
2025-02-28 13:54:32 - Login Success: Token Generated
2025-02-28 13:57:00 - Login Attempt: {"email":"tenant@example.com","password":"password123"}
2025-02-28 13:57:00 - Login Success: Token Generated
2025-02-28 14:13:34 - Login Attempt: {"email":"tenant2@example.com","password":"password123"}
2025-02-28 14:13:34 - Login Success: Token Generated
2025-02-28 14:25:13 - Login Attempt: {"email":"superadmin@example.com","password":"test123"}
2025-02-28 14:25:14 - Login Success: Token Generated
2025-02-28 14:27:36 - Login Attempt: {"email":"tenant3@example.com","password":"password123"}
2025-02-28 14:27:36 - Login Success: Token Generated
2025-02-28 14:51:41 - Login Attempt: {"email":"superadmin@example.com","password":"test123"}
2025-02-28 14:51:41 - Login Success: Token Generated
2025-02-28 15:08:30 - Login Attempt: {"email":"superadmin@example.com","password":"test123"}
2025-02-28 15:08:30 - Login Success: Token Generated
2025-02-28 15:08:38 - Login Attempt: {"email":"superadmin@example.com","password":"test123"}
2025-02-28 15:08:39 - Login Success: Token Generated
2025-02-28 15:33:25 - Login Attempt: {"email":"superadmin@example.com","password":"test123"}
2025-02-28 15:33:25 - Login Success: Token Generated
2025-02-28 15:35:43 - Login Attempt: {"email":"tenant2@example.com","password":"test123"}
2025-02-28 15:35:43 - Login Success: Token Generated
2025-02-28 15:35:59 - Login Attempt: {"email":"tenant2@example.com","password":"test123"}
2025-02-28 15:35:59 - Login Success: Token Generated
2025-02-28 15:37:49 - Login Attempt: {"email":"distributor2@example.com","password":"test123"}
2025-02-28 15:37:49 - Login Success: Token Generated
2025-02-28 15:38:56 - Login Attempt: {"email":"tenant3@example.com","password":"test123"}
2025-02-28 15:38:56 - Password mismatch for email: tenant3@example.com
2025-02-28 15:39:39 - Login Attempt: {"email":"john@example.com","password":"test123"}
2025-02-28 15:39:39 - Login Success: Token Generated
2025-02-28 15:39:45 - Login Attempt: {"email":"john@example.com","password":"test123"}
2025-02-28 15:39:45 - Login Success: Token Generated
2025-02-28 17:38:17 - Login Attempt: {"email":"superadmin@example.com","password":"test123"}
2025-02-28 17:38:17 - Login Success: Token Generated
2025-02-28 17:38:28 - Login Attempt: {"email":"distributor2@example.com","password":"test123"}
2025-02-28 17:38:28 - Login Success: Token Generated
2025-02-28 17:39:34 - Login Attempt: {"email":"tenant3@example.com","password":"test123"}
2025-02-28 17:39:34 - Login Success: Token Generated
2025-02-28 17:39:42 - Login Attempt: {"email":"tenant3@example.com","password":"test123"}
2025-02-28 17:39:42 - Login Success: Token Generated
2025-02-28 17:47:50 - Login Attempt: {"email":"tenant3@example.com","password":"test123"}
2025-02-28 17:47:50 - Login Success: Token Generated
2025-02-28 17:47:52 - Login Attempt: {"email":"tenant3@example.com","password":"test123"}
2025-02-28 17:47:52 - Login Success: Token Generated
2025-02-28 17:48:23 - Login Attempt: {"email":"tenant3@example.com","password":"test123"}
2025-02-28 17:48:23 - Login Success: Token Generated
2025-02-28 17:48:43 - Login Attempt: {"email":"john@example.com","password":"test123"}
2025-02-28 17:48:43 - Login Success: Token Generated
2025-02-28 17:52:22 - Login Attempt: {"email":"tenant3@example.com","password":"test123"}
2025-02-28 17:52:22 - Login Success: Token Generated
2025-03-01 14:13:47 - Login Attempt: {"email":"distributor2@example.com","password":"test123"}
2025-03-01 14:13:47 - Login Success: Token Generated
2025-03-01 14:19:34 - Login Attempt: {"email":"john@example.com","password":"test123"}
2025-03-01 14:19:34 - Login Success: Token Generated
2025-03-01 15:40:09 - Login Attempt: {"email":"john@example.com","password":"test123"}
2025-03-01 15:40:09 - Login Success: Token Generated
2025-03-01 15:40:23 - Login Attempt: {"email":"distributor2@example.com","password":"test123"}
2025-03-01 15:40:23 - Login Success: Token Generated
2025-03-01 15:41:58 - Login Attempt: {"email":"superadmin@example.com","password":"test123"}
2025-03-01 15:41:58 - Login Success: Token Generated
2025-03-01 15:42:08 - Login Attempt: {"email":"tenant3@example.com","password":"test123"}
2025-03-01 15:42:08 - Login Success: Token Generated
2025-03-01 15:59:51 - Login Attempt: {"email":"superadmin@example.com","password":"test123"}
2025-03-01 15:59:51 - Login Success: Token Generated
2025-03-02 01:26:05 - Login Attempt: {"email":"superadmin@example.com","password":"test123"}
2025-03-02 01:26:05 - Login Success: Token Generated
2025-03-02 03:09:47 - Login Attempt: {"email":"customer2@example.com","password":"test123"}
2025-03-02 03:09:47 - Password mismatch for email: customer2@example.com
2025-03-02 03:10:22 - Login Attempt: {"email":"customer2@example.com","password":"tenant123"}
2025-03-02 03:10:22 - Password mismatch for email: customer2@example.com
2025-03-02 03:10:43 - Login Attempt: {"email":"customer2@example.com","password":"tenant123"}
2025-03-02 03:10:44 - Password mismatch for email: customer2@example.com
2025-03-02 03:11:12 - Login Attempt: {"email":"john@example.com","password":"test123"}
2025-03-02 03:11:12 - Login Success: Token Generated
2025-03-02 03:14:12 - Login Attempt: {"email":"superadmin@example.com","password":"test123"}
2025-03-02 03:14:12 - Login Success: Token Generated
2025-03-02 03:15:55 - Login Attempt: {"email":"john@example.com","password":"test123"}
2025-03-02 03:15:55 - Login Success: Token Generated
2025-03-02 03:57:13 - Login Attempt: {"email":"superadmin@example.com","password":"test123"}
2025-03-02 03:57:13 - Login Success: Token Generated
2025-03-02 04:03:05 - Login Attempt: {"email":"superadmin@example.com","password":"test123"}
2025-03-02 04:03:05 - Login Success: Token Generated
2025-03-02 04:04:49 - Login Attempt: {"email":"superadmin@example.com","password":"test123"}
2025-03-02 04:04:49 - Login Success: Token Generated
2025-03-02 04:04:57 - Login Attempt: {"email":"superadmin@example.com","password":"test123"}
2025-03-02 04:04:57 - Login Success: Token Generated
2025-03-02 04:05:06 - Login Attempt: {"email":"superadmin@example.com","password":"test123"}
2025-03-02 04:05:06 - Login Success: Token Generated
2025-03-02 04:28:49 - Login Attempt: {"email":"superadmin@example.com","password":"test123"}
2025-03-02 04:28:49 - Login Success: Token Generated
2025-03-02 07:28:57 - Login Attempt: {"email":"superadmin@example.com","password":"test123"}
2025-03-02 07:28:57 - Login Success: Token Generated
2025-03-02 07:32:54 - Login Attempt: {"email":"superadmin@example.com","password":"test123"}
2025-03-02 07:32:54 - Login Success: Token Generated
